04-12-2018 @ 16:06:59 - 
====Stripe Version: 4.1.0====
====Start Log====
Keys are not set correctly.
====End Log====


04-12-2018 @ 16:10:59 - 
====Stripe Version: 4.1.0====
====Start Log====
Keys are not set correctly.
====End Log====


04-12-2018 @ 16:13:08 - 
====Stripe Version: 4.1.0====
====Start Log====
Keys are not set correctly.
====End Log====


05-02-2018 @ 14:06:44 - 
====Stripe Version: 4.1.1====
====Start Log====
Keys are not set correctly.
====End Log====


05-07-2018 @ 21:28:38 - 
====Stripe Version: 4.1.1====
====Start Log====
Keys are not set correctly.
====End Log====


05-08-2018 @ 09:44:18 - 
====Stripe Version: 4.1.1====
====Start Log====
Keys are not set correctly.
====End Log====


05-08-2018 @ 09:47:59 - 
====Stripe Version: 4.1.1====
====Start Log====
Keys are not set correctly.
====End Log====


05-08-2018 @ 09:48:17 - 
====Stripe Version: 4.1.1====
====Start Log====
Keys are not set correctly.
====End Log====


05-08-2018 @ 09:48:44 - 
====Stripe Version: 4.1.1====
====Start Log====
Keys are not set correctly.
====End Log====


05-08-2018 @ 09:49:42 - 
====Stripe Version: 4.1.1====
====Start Log====
Keys are not set correctly.
====End Log====


05-08-2018 @ 10:01:29 - 
====Stripe Version: 4.1.1====
====Start Log====
Keys are not set correctly.
====End Log====


05-09-2018 @ 09:50:42 - 
====Stripe Version: 4.1.1====
====Start Log====
Keys are not set correctly.
====End Log====


05-09-2018 @ 09:56:15 - 
====Stripe Version: 4.1.1====
====Start Log====
Keys are not set correctly.
====End Log====


05-09-2018 @ 09:58:08 - 
====Stripe Version: 4.1.1====
====Start Log====
Keys are not set correctly.
====End Log====


05-09-2018 @ 09:58:14 - 
====Stripe Version: 4.1.1====
====Start Log====
Keys are not set correctly.
====End Log====


05-09-2018 @ 09:58:43 - 
====Stripe Version: 4.1.1====
====Start Log====
Keys are not set correctly.
====End Log====


05-09-2018 @ 10:07:23 - 
====Stripe Version: 4.1.1====
====Start Log====
Keys are not set correctly.
====End Log====


05-09-2018 @ 10:07:33 - 
====Stripe Version: 4.1.1====
====Start Log====
Keys are not set correctly.
====End Log====


05-09-2018 @ 10:17:39 - 
====Stripe Version: 4.1.1====
====Start Log====
Keys are not set correctly.
====End Log====


05-09-2018 @ 11:04:30 - 
====Stripe Version: 4.1.1====
====Start Log====
Keys are not set correctly.
====End Log====


05-09-2018 @ 11:04:51 - 
====Stripe Version: 4.1.1====
====Start Log====
Keys are not set correctly.
====End Log====


05-09-2018 @ 11:22:09 - 
====Stripe Version: 4.1.1====
====Start Log====
Keys are not set correctly.
====End Log====


05-09-2018 @ 11:32:37 - 
====Stripe Version: 4.1.1====
====Start Log====
Keys are not set correctly.
====End Log====


05-09-2018 @ 11:35:29 - 
====Stripe Version: 4.1.1====
====Start Log====
Keys are not set correctly.
====End Log====


05-09-2018 @ 11:36:45 - 
====Stripe Version: 4.1.1====
====Start Log====
Keys are not set correctly.
====End Log====


05-09-2018 @ 11:37:45 - 
====Stripe Version: 4.1.1====
====Start Log====
Keys are not set correctly.
====End Log====


05-09-2018 @ 11:47:33 - 
====Stripe Version: 4.1.1====
====Start Log====
Keys are not set correctly.
====End Log====


05-09-2018 @ 11:47:49 - 
====Stripe Version: 4.1.1====
====Start Log====
Keys are not set correctly.
====End Log====


05-09-2018 @ 11:48:50 - 
====Stripe Version: 4.1.1====
====Start Log====
Keys are not set correctly.
====End Log====


05-10-2018 @ 17:10:08 - 
====Stripe Version: 4.1.3====
====Start Log====
Error: Impossible de vérifier la clé secrète manquante du domaine.
====End Log====


